<?xml version="1.0" encoding="UTF-8"?>
<testng-results skipped="0" failed="0" total="1" passed="1">
  <reporter-output>
  </reporter-output>
  <suite name="Default suite" duration-ms="23334" started-at="2020-05-04T20:32:42Z" finished-at="2020-05-04T20:33:05Z">
    <groups>
      <group name="cucumber">
        <method signature="AbstractTestNGCucumberTests.feature(cucumber.api.testng.CucumberFeatureWrapper)[pri:0, instance:cucumberOptions.TestRunner@5e4c8041]" name="feature" class="cucumber.api.testng.AbstractTestNGCucumberTests"/>
      </group> <!-- cucumber -->
    </groups>
    <test name="Default test" duration-ms="23334" started-at="2020-05-04T20:32:42Z" finished-at="2020-05-04T20:33:05Z">
      <class name="cucumberOptions.TestRunner">
        <test-method status="PASS" signature="setUpClass()[pri:0, instance:cucumberOptions.TestRunner@5e4c8041]" name="setUpClass" is-config="true" duration-ms="335" started-at="2020-05-05T02:02:42Z" finished-at="2020-05-05T02:02:42Z">
          <reporter-output>
          </reporter-output>
        </test-method> <!-- setUpClass -->
        <test-method status="PASS" signature="feature(cucumber.api.testng.CucumberFeatureWrapper)[pri:0, instance:cucumberOptions.TestRunner@5e4c8041]" name="feature" duration-ms="22898" started-at="2020-05-05T02:02:42Z" description="Runs Cucumber Feature" data-provider="features" finished-at="2020-05-05T02:03:05Z">
          <params>
            <param index="0">
              <value>
                <![CDATA[OGILA Sign-UP with Facebook]]>
              </value>
            </param>
          </params>
          <reporter-output>
          </reporter-output>
        </test-method> <!-- feature -->
        <test-method status="PASS" signature="tearDownClass()[pri:0, instance:cucumberOptions.TestRunner@5e4c8041]" name="tearDownClass" is-config="true" duration-ms="14" started-at="2020-05-05T02:03:05Z" finished-at="2020-05-05T02:03:05Z">
          <reporter-output>
          </reporter-output>
        </test-method> <!-- tearDownClass -->
      </class> <!-- cucumberOptions.TestRunner -->
    </test> <!-- Default test -->
  </suite> <!-- Default suite -->
</testng-results>
